<?xml version="1.0" encoding="UTF-8"?>
<testng-results ignored="0" total="1" passed="1" failed="0" skipped="0">
  <reporter-output>
  </reporter-output>
  <suite started-at="2021-05-05T20:51:37 IST" name="Default suite" finished-at="2021-05-05T20:52:10 IST" duration-ms="33576">
    <groups>
    </groups>
    <test started-at="2021-05-05T20:51:37 IST" name="Default test" finished-at="2021-05-05T20:52:10 IST" duration-ms="33576">
      <class name="TestNGBasic.Mouseaction">
        <test-method signature="mouse()[pri:0, instance:TestNGBasic.Mouseaction@236e3f4e]" started-at="2021-05-05T20:51:37 IST" name="mouse" finished-at="2021-05-05T20:52:10 IST" duration-ms="33511" status="PASS">
          <reporter-output>
          </reporter-output>
        </test-method> <!-- mouse -->
      </class> <!-- TestNGBasic.Mouseaction -->
    </test> <!-- Default test -->
  </suite> <!-- Default suite -->
</testng-results>
